<?xml version="1.0" encoding="UTF-8"?>
<!-- Generated by org.testng.reporters.JUnitXMLReporter -->
<testsuite ignored="1" hostname="DESKTOP-QHDN499" failures="0" tests="1" name="Test-1" time="47.449" errors="0" timestamp="2024-09-19T12:42:42 IST">
  <testcase classname="com.comcast.crm.orgtest.CreateOrganizationTest" name="createOrganizationWithMandatoryTest" time="29.675"/>
  <testcase classname="com.comcast.crm.orgtest.CreateOrganizationTest" name="createOrgWithPhTest" time="0.0">
    <ignored/>
  </testcase> <!-- createOrgWithPhTest -->
</testsuite> <!-- Test-1 -->
