<?xml version="1.0" encoding="UTF-8"?>
<!-- Generated by org.testng.reporters.JUnitReportReporter -->
<testsuite hostname="DESKTOP-QHDN499" failures="0" tests="1" name="practice.test.SampleTest" time="0.031" errors="0" timestamp="2024-10-21T12:47:03 IST" skipped="0">
  <testcase classname="practice.test.SampleTest" name="test1" time="0.031"/>
  <system-out/>
</testsuite> <!-- practice.test.SampleTest -->
